<?xml version="1.0" encoding="UTF-8"?>
<!-- Generated by org.testng.reporters.JUnitXMLReporter -->
<testsuite ignored="0" hostname="GOUD" failures="0" tests="7" name="Login" time="1.612" errors="0" timestamp="2024-01-03T15:15:36 IST">
  <testcase classname="com.totorialsninja.qa.Login" name="verify_login_vaild_creadentials" time="0.0">
    <skipped/>
  </testcase> <!-- verify_login_vaild_creadentials -->
  <testcase classname="com.totorialsninja.qa.Login" name="verify_login_vaild_creadentials" time="0.0">
    <skipped/>
  </testcase> <!-- verify_login_vaild_creadentials -->
  <testcase classname="com.totorialsninja.qa.Login" name="verify_login_vaild_creadentials" time="0.0">
    <skipped/>
  </testcase> <!-- verify_login_vaild_creadentials -->
  <testcase classname="com.totorialsninja.qa.Login" name="verify_login_invalid_creadentials" time="0.0">
    <skipped/>
  </testcase> <!-- verify_login_invalid_creadentials -->
  <testcase classname="com.totorialsninja.qa.Login" name="verifyLoginWithInvalidEmailAndValidPassword" time="0.0">
    <skipped/>
  </testcase> <!-- verifyLoginWithInvalidEmailAndValidPassword -->
  <testcase classname="com.totorialsninja.qa.Login" name="verifyLoginWithoutProvidingAnyFields" time="0.0">
    <skipped/>
  </testcase> <!-- verifyLoginWithoutProvidingAnyFields -->
  <testcase classname="com.totorialsninja.qa.Login" name="verifyLoginWithvalidEmailAndInValidPassword" time="0.0">
    <skipped/>
  </testcase> <!-- verifyLoginWithvalidEmailAndInValidPassword -->
</testsuite> <!-- Login -->
