<?xml version="1.0" encoding="UTF-8"?>
<!-- Generated by org.testng.reporters.JUnitXMLReporter -->
<testsuite ignored="0" hostname="GOUD" failures="0" tests="3" name="Search" time="1.199" errors="0" timestamp="2024-01-03T15:15:37 IST">
  <testcase classname="com.totorialsninja.qa.Search" name="verify_searchwith_vaildproduct" time="0.0">
    <skipped/>
  </testcase> <!-- verify_searchwith_vaildproduct -->
  <testcase classname="com.totorialsninja.qa.Search" name="verify_with_invaild_product" time="0.0">
    <skipped/>
  </testcase> <!-- verify_with_invaild_product -->
  <testcase classname="com.totorialsninja.qa.Search" name="verify_search_resultswith_Nodata" time="0.0">
    <skipped/>
  </testcase> <!-- verify_search_resultswith_Nodata -->
</testsuite> <!-- Search -->
