<?xml version="1.0" encoding="UTF-8"?>
<!-- Generated by org.testng.reporters.JUnitXMLReporter -->
<testsuite ignored="0" hostname="GOUD" failures="1" tests="13" name="Test" time="55.115" errors="0" timestamp="2024-01-03T16:10:21 IST">
  <testcase classname="com.totorialsninja.qa.Register" name="Register_with_Mandatoryfields" time="1.059"/>
  <testcase classname="com.totorialsninja.qa.Register" name="verify_existing_email_with_registerpage" time="0.862"/>
  <testcase classname="com.totorialsninja.qa.Register" name="verifyRegisteraccount_withoutEntering_mandatoryfields" time="0.38"/>
  <testcase classname="com.totorialsninja.qa.Login" name="verify_login_vaild_creadentials" time="0.688"/>
  <testcase classname="com.totorialsninja.qa.Login" name="verify_login_vaild_creadentials" time="0.742"/>
  <testcase classname="com.totorialsninja.qa.Login" name="verify_login_vaild_creadentials" time="0.799"/>
  <testcase classname="com.totorialsninja.qa.Login" name="verify_login_invalid_creadentials" time="0.795"/>
  <testcase classname="com.totorialsninja.qa.Login" name="verifyLoginWithInvalidEmailAndValidPassword" time="0.764"/>
  <testcase classname="com.totorialsninja.qa.Login" name="verifyLoginWithoutProvidingAnyFields" time="0.331"/>
  <testcase classname="com.totorialsninja.qa.Login" name="verifyLoginWithvalidEmailAndInValidPassword" time="0.653"/>
  <testcase classname="com.totorialsninja.qa.Search" name="verify_searchwith_vaildproduct" time="0.359"/>
  <testcase classname="com.totorialsninja.qa.Search" name="verify_with_invaild_product" time="0.43">
    <failure type="java.lang.AssertionError" message="No product in search results message is displayed expected [abcd] but found [There is no product that matches the search criteria.]">
      <![CDATA[java.lang.AssertionError: No product in search results message is displayed expected [abcd] but found [There is no product that matches the search criteria.]
at com.totorialsninja.qa.Search.verify_with_invaild_product(Search.java:66)
at java.base/java.util.ArrayList.forEach(ArrayList.java:1511)
... Removed 32 stack frames]]>
    </failure>
  </testcase> <!-- verify_with_invaild_product -->
  <testcase classname="com.totorialsninja.qa.Search" name="verify_search_resultswith_Nodata" time="0.0">
    <skipped/>
  </testcase> <!-- verify_search_resultswith_Nodata -->
</testsuite> <!-- Test -->
