<?xml version="1.0" encoding="UTF-8"?>
<!-- Generated by org.testng.reporters.JUnitXMLReporter -->
<testsuite ignored="0" hostname="GOUD" failures="0" tests="7" name="Default test" time="41.804" errors="0" timestamp="2023-12-30T16:16:49 IST">
  <testcase classname="com.totorialsninja.qa.Login" name="verify_login_vaild_creadentials" time="0.506"/>
  <testcase classname="com.totorialsninja.qa.Login" name="verify_login_vaild_creadentials" time="0.482"/>
  <testcase classname="com.totorialsninja.qa.Login" name="verify_login_vaild_creadentials" time="0.466"/>
  <testcase classname="com.totorialsninja.qa.Login" name="verify_login_invalid_creadentials" time="0.489"/>
  <testcase classname="com.totorialsninja.qa.Login" name="verifyLoginWithInvalidEmailAndValidPassword" time="0.463"/>
  <testcase classname="com.totorialsninja.qa.Login" name="verifyLoginWithoutProvidingAnyFields" time="0.338"/>
  <testcase classname="com.totorialsninja.qa.Login" name="verifyLoginWithvalidEmailAndInValidPassword" time="0.486"/>
</testsuite> <!-- Default test -->
