<?xml version="1.0" encoding="UTF-8"?>
<!-- Generated by org.testng.reporters.JUnitXMLReporter -->
<testsuite ignored="0" hostname="GOUD" failures="0" tests="7" name="Login" time="30.564" errors="0" timestamp="2023-12-30T16:37:08 IST">
  <testcase classname="com.totorialsninja.qa.Login" name="verify_login_vaild_creadentials" time="0.777"/>
  <testcase classname="com.totorialsninja.qa.Login" name="verify_login_vaild_creadentials" time="0.726"/>
  <testcase classname="com.totorialsninja.qa.Login" name="verify_login_vaild_creadentials" time="0.856"/>
  <testcase classname="com.totorialsninja.qa.Login" name="verify_login_invalid_creadentials" time="0.702"/>
  <testcase classname="com.totorialsninja.qa.Login" name="verifyLoginWithInvalidEmailAndValidPassword" time="0.677"/>
  <testcase classname="com.totorialsninja.qa.Login" name="verifyLoginWithoutProvidingAnyFields" time="0.446"/>
  <testcase classname="com.totorialsninja.qa.Login" name="verifyLoginWithvalidEmailAndInValidPassword" time="0.642"/>
</testsuite> <!-- Login -->
