<?xml version="1.0" encoding="UTF-8"?>
<!-- Generated by org.testng.reporters.JUnitXMLReporter -->
<testsuite ignored="0" hostname="GOUD" failures="0" tests="3" name="Register" time="14.445" errors="0" timestamp="2023-12-30T16:36:52 IST">
  <testcase classname="com.totorialsninja.qa.Register" name="Register_with_Mandatoryfields" time="1.596"/>
  <testcase classname="com.totorialsninja.qa.Register" name="verify_existing_email_with_registerpage" time="1.192"/>
  <testcase classname="com.totorialsninja.qa.Register" name="verifyRegisteraccount_withoutEntering_mandatoryfields" time="0.391"/>
</testsuite> <!-- Register -->
