<?xml version="1.0" encoding="UTF-8"?>
<!-- Generated by org.testng.reporters.JUnitXMLReporter -->
<testsuite ignored="0" hostname="GOUD" failures="0" tests="3" name="Search" time="10.838" errors="0" timestamp="2023-12-30T16:36:48 IST">
  <testcase classname="com.totorialsninja.qa.Search" name="verify_searchwith_vaildproduct" time="0.614"/>
  <testcase classname="com.totorialsninja.qa.Search" name="verify_with_invaild_product" time="0.472"/>
  <testcase classname="com.totorialsninja.qa.Search" name="verify_search_resultswith_Nodata" time="0.367"/>
</testsuite> <!-- Search -->
